10	540
1000	20
108,000,000	60
15½	20
1891	20
2001	20
21	140
26½	20
32	120
43	120
50,000	20
536,720	20
54	140
6,205	20
65	440
738,650	20
73_b	40
76	220
8,159	20
809	20
87	20
98	120
A	1660
Across	20
All	80
Avalon	40
BEFORE	20
BUT	20
Before	40
Bern	60
Brick	20
But	760
CARS	20
CONSEQUENTIAL	20
CONVENIENT	20
Clair	20
Connections._--Stanton	20
Council	20
DONATIONS	20
Departments	20
Donations	40
Foundation's	60
Franklin	20
Fremont	40
GEORGE	20
GUTENBERG-tm	20
George	20
Greentree	20
Gutenberg-tm	1100
HEALTHFUL	20
Hawkins	60
Incidently	20
Kittanning	40
LICENSE	40
Leetsdale	20
Liberty.[30	20
License	200
Lower	20
Many	40
McKeesport	60
Melwood	20
Modern	40
NOTES	40
Nice--Easy	20
Notes	20
ON	40
Oakmont	20
Ohio	780
On	440
PO	20
Parkway._--It	20
Penn-Liberty	160
Playground._--At	40
REQUIRED	20
Railroads	40
Saint	20
Schenley	160
Seventh	400
Stadtebau	20
Thence	40
UT	20
Valley	140
Verona	20
a	19640
accruement	20
accumulating	20
across	400
adapted	160
add	80
admirably	20
afforded	20
against	200
agricultural	20
all	3140
alteration	60
annual	40
applicable	100
approximately	20
attract	20
authorities	20
bed	40
before	320
bodily	20
but	2340
cars	480
children	100
compared	80
conclusion	40
confounded	20
convenient	220
converge	20
could	1260
creation	20
criterion	20
critical	20
cross-town	180
deferred	40
disintegrated	20
displayed	20
distant	40
donations	240
draft	20
e-mail	20
easier	60
easily	380
eastbound	60
efficient	120
enabled	20
equally	60
equals	20
equipped	20
erection	140
exempt	40
extract	20
footway	20
foremost	20
foresight	60
furnishes	20
gain	60
games	40
gone	40
habits	40
healthful	40
hearings	40
herself	20
hilltops	60
hold	40
home	20
hotels	20
incalculably	20
increasing	140
injured	20
instant	20
legislation	20
legislature	40
license	60
look	60
lower	380
manufacture	20
many	720
many-sided	20
middlemen	60
minds	20
mitigation	20
modern	260
nearby	20
neck	20
neighbors	40
northeastern	40
northward	60
notably	20
notes	20
novelty	20
object	20
obtainable	20
occasionally	60
on	7740
onerous	20
operating	40
ordinarily	40
organized	20
passes	60
perform	40
perpetuate	20
posted	80
preferred	60
pressing	40
prism	20
producers	20
promoters	20
provide	580
radial	120
railroads	220
ramps	20
reaches	60
regard	320
regrading	60
required	480
respectively	20
roadbed	40
sells	20
separated	60
shape	100
shifted	40
six-line	20
sky	20
sports	20
started	60
stations	60
store	20
summarize	20
surpass	20
tests	40
thence	320
today	40
towns	20
trading	20
ugly	20
uncomfortably	20
unconstitutional	20
uniformly	20
unite	20
unjustifiable	40
unload	20
unparalleled	20
usage	20
valley	1760
vehicles--between	20
water-born	20
wear	40
▕	120
10,184	20
11	300
1870	40
2,127,585	20
2,628	20
22	140
27.92	20
3,869	20
3,979	20
33	160
351,400|19,929|75,555	20
44	140
489,416	20
55	100
6-9	20
66	240
73_c	40
77	320
99	20
American	160
Archive	260
Automobiles	20
B	180
Batavia	140
Blackadore	20
Boquet	40
Braces	20
Broad	20
Brown's	40
CUT	60
Consequently	20
Creek._--South	20
Cut	160
Defects	20
Details	20
Diagrams	100
District._--A	20
ECONOMICAL	20
Estella	20
Extension._--As	20
Fairhaven	160
Geneva	20
II	380
IMPORTANT	20
Important	20
Instead	20
LAW	120
Law	140
MERCHANTABILITY	20
MORSE	20
Millvale	280
Morse	60
Murray	80
O'Hara	60
Ofen	20
Oneida	20
Ormsby	20
PERSONAL	20
Poetically	20
Practically	60
RR	40
Requiring	40
Road	1340
START	40
Six	20
TONS	40
Temperanceville	20
Thoroughfares._--From	20
Tons	20
Tonsing	40
Unfortunately	20
Webster	120
Works	20
according	20
accumulated	20
adapt	40
addresses	20
advance	80
afford	100
all-round	20
aluminum	20
angles	40
athletic	20
automobiles	160
b	160
barefoot	20
boat	100
bodies	20
broad	140
business	1460
carfare	20
certain	560
conception	20
consequently	40
constructions	40
cut	520
dances	20
dashes	20
delayed	20
details	100
diagrams	20
dignity	40
discharge	20
disintegrating	20
display	40
displaying	80
dominant	20
economical	300
endowed	20
enforce	20
excursion	20
existence	20
folded	20
follows	260
fortifications	20
found	200
gives	180
governments	20
head	360
ideally	20
important	1400
increased	400
indisputable	20
ineffective	20
infrequently	20
instead	160
intellectual	40
into	1140
investigation	120
jog	20
law	180
manufacturers	40
melting	20
moment	60
moves	20
nineteenth	20
northeast	140
nuisance	40
opinion	40
outline	60
owners	240
partly	160
pave	20
personal	20
planning--or	20
pp	20
practicability	20
practically	520
priceless	20
primary	60
prosecute	20
questionable	40
records	180
reductions	20
refuge	40
regraded	60
relieved	20
remark	20
requiring	60
reverse	20
riages|mobiles	20
right-angle	20
road	480
separating	40
set	400
shifting	40
sidewalk	480
six	60
sky-line	20
solicitation	20
sparse	20
stamped	20
start	180
starting	60
stream	120
structures	140
sustained	40
system.[26	20
tells	20
tons	840
transshipment	20
unfortunately	60
unobstructed	20
upper	280
usual	40
vessels|No	20
welcome	20
wharves	20
works	820
₀₀	20
1,991,988	20
10.0	20
106-108	20
12	300
1200	20
1860	20
1871	40
1893	20
23	220
34	120
45	180
56	180
596-1887	20
6,636	20
64_b	20
67	140
73_d	40
78	360
8.9	20
80-foot	20
9,350,000,000	20
9,534	20
967,544	20
Another	60
Avenue--the	40
Bates	180
Both	20
British	20
C	100
Changes	40
Coming	20
Connection._--Chiefly	20
Contributions	20
Corliss	180
DISTRIBUTE	20
DURING	20
Davis	40
Delay	20
Distributed	40
Each	40
Especially	40
Extension._--The	20
FACILITIES	20
FREIGHT	20
Facilities	40
Finally	20
Freight	80
Gradients	20
Green	20
Hill	460
Hutchinson	60
Idlewood	20
Internet	40
Italy	20
Kenmawr	40
LLC	20
Launches	20
March	80
NO	220
No	980
Period	80
Perrysville	40
Pre	40
Press	20
Private	20
Road._--Washington	20
ST	160
Spang-Chalfant	40
St	260
Statutes	20
Switzerland	40
These	400
Treasurer	20
URGENT	20
Urgent	20
WILLIAM	20
abroad	20
accommodations	80
accomplishment	40
accrue	20
acts	40
adding	20
amplitude	20
another	280
apartments	20
apparatus	20
art	20
artistic	40
authority	120
axis	20
binary	20
boats--low	20
both	820
c	120
cases	340
changes	480
channel	220
choice	20
cities.[9	20
civilized	20
coming	80
compact	20
compilation	20
compressed	20
conducted	60
consequence	60
constructive	20
contributions	20
cross-streets	20
delay	160
depth	240
determination	60
distribute	100
distributed	140
district.[28	20
doubtful	20
dropping	40
during	260
dwellings	20
each	900
early	20
engaged	40
enterprise	40
especially	480
established--it	20
excessive	200
exposing	20
facilities	320
false	20
finally	140
fragments	20
freight	1040
gaining	20
gradients	1060
happened	20
hauls	20
help	100
hill	720
holding	20
humps	20
illustrations	80
importance--and	20
inclines	100
inconveniences	20
interrupt	20
invariable	60
inward	20
italics	20
jail--masterpieces	20
kindly	20
known	40
lags	20
lessened	40
localities	60
looking	20
lowering	20
manner	180
matter	300
merchandise	20
method	220
no	1560
objectionable	80
once	160
overdoing	20
overwhelming	40
passageway	20
passengers|Tonnage	20
performing	60
period	120
picturesqueness	40
plot	20
port	20
private	300
promotion	20
purchase	100
ready	100
receive	80
received	140
reconstructed	40
regarding	20
removing	20
requirement	20
residents	80
response	20
retailers	40
returns	40
river-boat	20
riverside	180
saloons	20
satisfy	20
sewers	100
size	260
sized	20
sometime	20
spanned	60
specifying	20
stood	20
strength	80
success	240
suggested	240
summed	20
supervision	20
tap	20
terraces	40
than	2120
thereon	100
these	1660
thinks	20
two-level	60
undeveloped	80
unenforceability	20
unloading	60
unsightly,--with	20
urgent	100
varied	80
wants	20
water's	20
were	480
1.A	20
10.1	20
115,851|202,429	20
13	200
1872	20
1]Haights	20
2015	20
24	180
2763	20
3,519	20
35	140
4,925	20
46	60
57	300
68	280
6800	20
705,147	20
79	420
96,485	20
ANYTHING	20
Anything	20
Avenue,--cross	20
BURNS	20
Barges	40
Berlin	60
Branch	160
Burns	20
CHARLES	60
Charles	140
Columbia	20
Crossing	340
D	60
DAMAGES	40
DOWN	100
Domini	20
Down	220
ENGINEERS	20
Engineers	340
Etna	320
Europe	120
FEBRUARY	20
February	40
Further	60
Gardener	20
Garfield	40
Henrietta	20
High	60
Hollows	20
June	40
LEVEL	20
Morewood	20
Oakland	60
Pedestrians|[39]Gross	20
Pennwood	60
RAUH	20
Rosslyn	20
STATES	20
Silently	20
Spruce	20
States	660
Systems	20
TONNAGE	60
TOTAL	40
There	600
Thoroughfares._--Going	20
Total	200
Wellesley	20
Wharf	20
Whatever	40
accidents	20
accomplished	40
acute	20
adjacent	420
advanced	60
advantageous	60
advertising	20
anything	60
assailed	20
barge-load	40
barges	260
basements	20
beg	40
body	20
bonded	20
bothersome	20
branch	380
ceases	20
concerning	40
condemn	20
contrast	80
corresponds	40
coupled	40
crossing	600
curb	220
d	60
damages	240
delivered	60
designing	20
diagonally	40
dimensions--eighty-foot	20
distinguished	20
done	460
down	1120
draftsmen	20
eastern	180
easy	620
eliminated	120
embankment	120
engineers	100
factors	60
families	40
feeding	120
fences	20
filled	80
fitted	40
forestall	20
fork	20
fraction	20
further	420
getting	140
gross	100
guarded	20
hands	60
heavier	80
heavily	20
hesitancy	20
high	940
highest	140
hoped-for	20
incompetency	20
increase	540
indefinitely	40
ingenuity	20
initial	20
intelligently	40
interference	160
latter	640
lay	80
layers	40
learn	20
level	840
levelers	20
lots	300
mighty	40
movements	40
numberless	20
obstacles	120
off-set	20
operate	20
ordinary	200
outlined	20
overflow	20
pages	80
particularly	40
parties	20
paved	40
peculiarly	100
placing	20
planned	100
planting-strip	20
poor	40
possession	20
practicable	120
prejudicial	20
preparing	60
preëminent	20
program	60
purchasers	40
rare	60
reconstruct	40
recreative	40
registered	40
residential	200
routine	40
rugged	60
seized	20
serious	460
servants	20
skiffs	20
slides	20
sluggish	20
solely	60
spot	100
stalling	20
states	160
stop	60
strolling	20
subsequently	20
successively	20
suggest	20
surely	40
surrounding	160
systems	20
tear	40
telephone	20
there	1640
thirty	40
tonnage	260
total	400
trade	160
unfruitful	20
unproductive	20
using	340
utmost	140
values	160
vehicles--1.75	20
welcomed	20
wharf	140
whatever	40
1,311,823	20
1,605,793	20
1,877,268	20
1.B	20
11,351	20
14	240
1862	20
1884	20
1]Baum	20
25	240
32,000	20
33]Maximum	20
36	160
36,480	40
40]Total	20
43d	40
47	160
49972-0.zip	20
501(c)(3	20
55,791	20
56-92	40
58	240
69	260
75,111	40
76,495	20
81,424	20
88-91	40
9,844	20
AS-IS	20
Approach--South	80
August	20
Avenue--Center	120
Avenues	480
BE	20
Baldwin	60
Be	80
Bell	280
COMPARATIVE	40
Chief	20
Comparative	20
Dickson	20
Districts	20
E	140
Emsworth	40
Evergreen	40
FUTURE	20
Forward	40
Frick	40
Future	40
INCLUDING	20
Lastly	20
MARCUS	20
Management	60
Mariners	20
May	60
McCandless	20
Meadow	160
Most	60
North	460
OR	120
Or	20
Orchid	40
Outside	20
PROVIDED	20
Panhandle	180
Parkway	80
Pittsburgh--Allegheny	20
Playground._--The	20
Probably	20
Provided	20
Prussian	20
SECTION	40
SHOWING	140
STREET	20
Sawmill	400
Section	820
Shalerville	40
Sherrard	20
Soho	380
Stanton	140
Steamboats	20
Stone	20
Street	11180
Taylor	40
Thirty-fourth	40
Through	40
Traffic._--The	40
Transitmen	20
UNITED	20
United	660
Wilkinsburg	240
Woodville	40
Wooster	20
accessed	20
accomplish	60
agencies	20
agent	20
aim	20
anyway	20
approach--South	40
apt	180
assessed	40
attainment	40
avenues	20
bad	160
be	15540
bond	100
cannot	400
centralized	20
chief	40
closely	160
comparative	20
damming	20
danger	60
dates	40
deletions	20
derricks	20
districts	480
double-deck	20
e	40
ebb	20
elevators	40
elimination	100
employees	40
entity	60
examined	20
exchange	20
facility	40
feasible	80
fed	20
fewer	20
fill	40
foreground	40
formed	80
forward	80
fundamental	60
future	540
gratefully	20
grave	20
grouping	60
including	460
injure	40
insufficient	60
intact	20
intersecting	20
keen	20
lacking	60
leisure	20
licensed	20
locality	240
loss	100
makes	120
management	120
manufactured	20
margins	20
masonry	40
may	1420
meadow	20
merit	20
moderate	140
most	1880
niggardly	20
north	860
notwithstanding	20
observable	20
or	6480
others	240
outside	220
owned	100
parkway	240
patrons	20
pedestrians,[42	20
percent	40
performances	20
pipes	20
points	640
possessed	20
power	180
probably	480
provided	540
quasi-public	20
reducing	80
remainder	20
require	240
resources	40
resulting	80
retail	240
rob	20
scarce	20
section	320
sentence	40
separate	120
shale	80
showing	280
significance	20
slight	100
slumping	40
spacious	20
statistics	60
stone	140
stored	20
street	4000
stretch	20
summarized	60
surrendered	20
taxpaying	60
teaming	160
thereof--is	20
thoroughfare--the	20
through	1700
ties	20
townships	160
turning	40
undisturbed	20
valleys--and	20
ventilators	20
viaducts	60
wasteful	40
workmen	20
██|2,344,398	20
██|2,796,122	20
1.C	40
15	240
1500	20
1874	20
2,201,473,500	20
20.4	20
26	140
2710	20
37	240
48	160
4877	20
59	460
6329	20
ATTACHED	20
Alexander	80
April	160
Areas	40
Because	40
Bellevue	40
Board	80
Boggs	40
Brady	120
COLONEL	20
COME	20
COUNTS.--TABLE	40
Climax	80
Colonel	160
F	120
HOUR	20
Haberman	20
Knoxville	20
Literary	260
OBTAINED	20
Oakwood	40
One	180
PUNITIVE	20
Park._--A	20
Produced	40
Respectfully	20
Retained	20
Run._--From	20
SUMMARY	20
Sand	20
Suggestion	40
Superintendent	40
THOMAS	80
Thomas	20
Thoroughfare._--Another	20
Topographically	20
Viaduct._--In	20
WAYNE	40
Wayne	200
What	20
Whiting	20
Width	60
Wylie	20
absolutely	60
abuse	20
access	420
aggressive	20
agreeable	140
anyhow	20
appearance	160
areas	240
assess	20
attached	20
attained	60
because	760
becoming	40
best	800
board	40
bottle-neck	20
buy	20
calculate	20
causing	40
cheapness	20
circuitous	60
city--the	20
classes	60
codes	20
come	180
comfortable	40
complying	60
concert	20
concurrently	20
conform	120
constant	20
copied	40
costs	140
counts	80
dead	20
decreased	40
distribution	200
divisions	40
domain	40
draw	20
drawbridges	20
driven	20
exceptions	40
fair	120
fallen	20
family	20
far-sighted	20
fee	180
figure	100
form	460
freer	20
heart	120
highlands	20
horizontal	20
hour	40
illustrates	20
inapplicable	20
inconvenient	20
incorporated	20
injurious	20
leading	300
legally	80
likely	240
loyalty	20
marketing	20
marks	60
moored	20
mud-banks	20
nowhere	40
obtained	240
often	220
one	2200
one-sided	100
outlets	40
outlook--while	20
own	220
package	40
party	20
payment	20
pleasures	20
possess	40
previously	40
produced	100
products	20
profit	60
prompt	40
protects	20
qualifications	20
realization	20
rear	60
reason	120
reclothed	20
reconstruction	140
redeeming	20
regretted	20
regulating	20
remove	60
renamed	20
representations	20
residence	100
respect	100
respectfully	20
roadways	40
rougher	40
roughly	100
sand	60
scattering	20
securely	20
selecting	40
serves	20
space	700
statements	20
steepness	20
stoops	20
suggestion	60
sundered	20
superintendent	80
system.[19	20
taking	160
tendencies	20
texts	20
throat	60
throw	60
times	240
topographically	60
transmission	40
tree-shaded	100
unit	40
viewed	20
water-borne	140
ways	80
well-conducted	20
wet	20
what	260
width	1000
wise	80
woods	20
www.gutenberg.org	100
1.D	20
10.29[22	20
10.4	20
11,034	20
11.3	20
16	220
1710	20
1875	20
20,685	20
25,680	20
27	100
38	100
44,661	20
49	100
714,856	20
7408	20
9,912	20
ALLERTON	20
Beaver	40
Bridges_.--_Highway	20
Copyright	40
Crossings._--In	20
DECEMBER	20
DISTRIBUTOR	20
December	120
EFFECTIVE	20
Estimating	20
G	20
GUTENBERG	60
Gutenberg	560
Guyasuta	100
Heavy	40
Hon	20
IN	160
INDEMNITY	20
In	1580
Indeed	40
Lowry's	120
Lyons	100
MR	20
Michael	20
Mr	500
NEGLIGENCE	20
NINTH	40
Ninth	400
Old	60
Park._--Northeast	20
Place	80
Present._--The	20
Primitive	20
Release	20
Sharon	20
THIRTIETH	40
THOROUGHFARES	140
Terms	40
Third	180
Thirtieth	160
Thirty-first	60
Thoroughfares	400
Traffic_.--The	20
Traffic_.--To	20
USE	20
Use	40
View	20
Where	60
accelerated	20
accumulation	20
agency	20
alternately	20
altogether	40
arising	20
assumes	20
attach	40
awarding	20
baneful	20
basketball	20
blunders	20
bold	60
borders	40
bracketed	20
briefly	80
builds	20
checked	20
circulation	40
combined	40
commodious	20
communities	60
computation	20
concrete	20
copyright	360
cross-connecting	20
cure	40
deals	20
deciding	20
defective	60
degrees	40
depends	100
deserves	20
developing	60
driveway	20
driving	60
eBooks	140
effective	120
efforts	80
either	400
equity	20
estimating	40
exceptionally	100
facts	120
falling	60
familiar	60
gathering	20
grammar	20
handling	180
happiness	20
having	280
heavy	220
hundreds	60
import	40
important,--the	20
in	17580
indeed	60
independently	20
indices	20
indirectness	20
instructions	40
introduced	40
investigated	20
inveterate	20
keep	140
loaded	60
machine	20
market-men	20
mean	80
mouth	280
narrowing	20
necessitates	20
needful	40
obtain	100
obvious	180
occurred	20
old	320
operation	180
ordain	20
orders	20
painful	20
paragraphs	80
patched	20
path	20
penalties	20
pictorial	20
pieces	120
piercing	20
place	480
portion	580
possibly	60
prepare	40
pressure	20
primitive	80
prospects	20
purely	20
recognizes	20
release	40
relocate	40
remains	100
retain	40
river-bottoms	20
saved	80
scheme	80
self-respect	20
shared	20
side-wheel	20
sixty	40
small	660
southerly	100
speed	20
steps	100
studies	120
succession	20
supposed	60
tables	60
taken	420
terms	440
theory	40
therefor	20
things	160
third	160
thirty-first	20
thoroughfares	780
topography	220
use	1180
view	360
wage-earning	20
well-paved	20
where	1900
willingness	20
winter	20
wisest	20
zones	20
1.E	40
13,000	20
149,862,600	20
17	400
1898	20
20,000,000	40
23.3	20
24,583	20
24.2	20
28	260
31-92	20
35,000	40
37-43	20
39	100
51,457	20
53,000,000	20
72,854	20
Although	80
Apparently	20
Ardmore	140
Assembly	20
Between	20
Bion	60
Braddock	500
Brooklyn	60
Budapest	80
Channels._--For	20
Charlene	40
Crafton-Carnegie	100
Crossing._--Chartiers	20
Executive	20
Extending	20
FIDELITY	20
FITNESS	20
Forty-third	340
Four	60
GENERAL	60
General	220
German	60
H	160
Hillside._--The	20
Homestead	140
IMPLIED	20
ITS	20
Its	100
Julius	20
LETTER	20
Lands	20
Length	20
Letter	40
Mayor	140
Muriel	20
PITTSBURGH	280
PRIDE	20
PROPOSED	40
Peebles	20
Pier	20
Pittsburgh	2620
Proposed	20
Pushing	20
Soho._--As	20
Thoroughfare._--North	20
Thoroughfare._--Sawmill	20
WITH	60
WITHOUT	40
War	20
With	220
Without	20
Yet	40
active	180
advocates	20
allowed	100
although	200
apparently	100
appliances	20
associated	180
attempts	20
backed	20
between	2020
blocks	100
bottle	20
bottoms	20
bridging	20
capital	40
check	80
citizen	20
cleaned	20
completely	20
concept	40
constitutional	20
corporation	20
created	80
crystallized	20
damages.[7	20
dealt	20
demands	100
density	20
destined	60
detriment	20
dominates	20
drawbacks	40
enacted	40
erected	140
executive	20
extending	320
extravagantly	20
facilitated	40
factories	60
feeders	20
feel	20
fifty	20
flatter	40
floating	220
forlorn	20
four	120
gates	20
general	1140
grounded	20
highways	100
hobnobbing	20
hoped	140
implied	40
include	140
inviting	20
irreducible	20
its	3000
lands	280
largely	180
length	180
lesser	40
lie	60
lien	40
linking	20
load	40
lofty	20
longitudinal	20
mainly	60
offering	60
of|Street	20
one-way	40
ousted	20
outlooks	20
pay	120
periodical	20
pier	380
positively	20
pride	40
prints	40
proposed	1460
question	420
raw	60
reclaimed	20
recommending	20
reduce	180
reflections	20
remote	40
rising	140
river-front	20
same	700
separation	40
shallow-draft	20
shoes	20
shores	20
simply	200
slatternly	20
sloping	80
splitting	20
stiff	40
still	440
submitting	40
surveying	20
teamsters	40
tendency	80
themselves	100
theoretical	20
transfers	20
transported	20
twice	20
two-spans	20
underneath	60
upland	60
valley--where	20
variety	40
war	20
water-tight	20
with	7640
without	880
yet	220
1.F	20
13,240,010	20
13.3	20
14,732,130|█████████	20
14.2	20
18	240
180	40
1800	20
1910	260
21,763	20
2449	20
29	140
30,567	20
42,522	20
49-56	40
8,519	20
839,975	20
89,354	20
ARTERIES	20
Additional	20
Arteries	160
Avenue--leads	20
Boroughs	20
Bronx	60
Character	20
Clean	20
Considering	80
Corps	60
Crane	20
Danube	40
Edinburgh--an	20
Esplen.[18	20
FOR	160
For	320
Forbes	1640
Front	60
Gravel	20
Gregory	20
Hamlet	20
Hanover	20
I	220
III	40
INVOLVED	20
Improvement._--Etna	20
Isabella	20
Lane._--From	20
MEET	20
MILLIONS	40
Meet	40
Mt	180
OPPOSITE	20
OUTLYING	80
Outlying	140
PARKS	40
Pamphlet	20
Park._--Just	20
Parks	240
Post-office	20
Profile	20
Rivers	100
Rivers._--"The	20
SUCH	20
Seneca	60
Side._--The	20
Soho._--At	20
Street._--Frankstown	20
Street|Oct	20
Such	240
Swissvale	120
THAT	40
TRANSCRIBER'S	20
That	280
Thoroughfare._--From	20
VEHICLES	20
Widening	180
Woodstock	100
abide	20
accepted	80
accompanying	160
additional	280
ago	60
allow	60
also	720
amid	40
appropriate	60
appropriations	20
arteries	160
ascends	20
available	440
awnings	20
back	380
become	400
begin	20
bending	40
bill	100
boroughs	140
boys	20
canvassing	20
carrying	200
cause	40
character	300
church	20
circuit	40
clean	80
collected	20
community	80
complicated	20
congestion	140
connected	120
considerably	200
considering	80
continue	120
corrected	100
decidedly	40
deficiencies	20
defined	20
demonstrates	20
demonstrating	20
depreciating	20
derivative	60
derive	20
discrepancies	40
drift	80
enjoyment	120
erect	40
experiences	60
experts	40
felt	80
financial	120
for	11000
front	640
gravel	100
ground	160
growth	360
haphazard	20
height	620
hereby	20
householders	40
i	40
inaccessibility	20
interests	480
involved	160
joins	20
least	380
ledge	20
left	220
lithography	20
logical	60
manufacturing--it	20
material	240
meet	240
mentioned	60
midst	180
millions	20
monument	40
natural	320
nature	40
normal	100
notifies	20
objection	60
occasion	20
one-sixteenth	20
opposite	220
outlying	160
owed	20
parallel	120
parks	300
penalty	20
pounds	20
precedents	20
price	60
profile	20
prohibition	20
quarters	40
raising	260
rapidly	20
regulations	40
restrictions	60
retired	40
rivers	420
route	720
sale	100
scholastic	20
shorter	80
site	460
southward	100
spans	100
specialized	20
splendid	40
study	280
subjects	40
subjoined	20
such	2360
suffice	20
suitable	100
take	300
taxpayers	20
tend	60
that	7760
therein	80
throngs	20
tower	20
trademark/copyright	20
unimportant	20
uninterrupted	40
unsymmetrical	20
unusual	60
urged	140
urgency	20
vehicles	520
vehicles|trucks|trucks	40
vines	20
walls	100
was	900
water-sheds	20
widening	1460
wish	60
words	20
11,000,000	20
11,455	20
14.3	20
19	120
1911	80
1]Hamilton	20
2A[42	20
404,905	20
53,622	20
64-6221541	20
6th	80
77,330,000	20
9,706	20
AGREEMENT	20
ALLEN	20
Allen	60
Atlantic	40
BRIDGES	260
Beltzhoover	80
Bridges	320
CIVIC	120
Charters	20
Chicago	120
Chislett	20
Civic	440
Crossings._--Near	20
DISCUSSION	20
Discussion	40
EIN	20
ENERGY	20
Estimate	20
HAVE	20
Hazen	20
High-level|Low-level	20
INTERSECTIONS	20
IRS	20
Iron	20
J	260
January	20
Jefferson	60
Mention	20
Plain	40
Plans	40
Princes	40
Princeton	40
Proofreading	40
Rhine	20
Robinson	20
SEND	20
Snowden	60
TUNNEL	20
They	140
Troy	140
Tunnel	160
VISION	20
Vice-President	60
Wind	100
ability	80
abnormal	20
abrupt	20
accept	20
accompanied	40
adaptability	20
advantages	200
agreement	380
air	40
amidst	40
amounting	60
annoyed	20
approach	740
arise	40
arrangement	200
awakened	20
axemen	20
barren	20
books	20
boundaries	240
bridge,--that	20
bridges	3060
cargoes	100
carried	420
cent	1380
civic	140
clothing	20
concentrate	40
confined	100
conformity	20
connect	340
contemplated	60
contiguous	40
correct	40
courts	20
dangerous	100
decide	60
decked	20
declare	20
deemed	60
descend	80
destroying	20
discovered	20
discussion	20
distribution--accessibility	20
dooryard	20
drawn	60
dredging	20
drive	140
embraces	20
encouraging	20
energy	80
engraved	20
enjoyed	20
estimate	20
example	180
failure	40
feet[5	20
flood-protection	20
flourishing	40
forces	40
framing	20
fully	160
go	160
grooved	20
hampered	20
handle	20
have	2360
hindrance	40
honor	40
iThe	10
impartially	20
iron	20
joint	20
life's	20
markup	40
narrower	40
near	240
numbers	60
omitted	20
outdated	20
outward	20
packet	60
parcels	20
permanence	20
pierce	20
plans	480
planted	20
plants	140
plateau	80
positions	20
proved	60
re-alignments	20
recently	40
references	40
relocation	40
reserved	20
resultant	60
ridges	60
rises	20
royalties	40
runs	160
sake	120
scale	100
search	20
seldom	60
settlements	20
sharp	100
shelving	20
simultaneously	20
single	240
slopes	160
sooner	40
southeast	180
subscribe	20
sums	20
taxed	20
therewith	60
they	720
thickly	80
tracks	1180
triangle	20
tried	20
tunnel	800
unknown	20
visited	40
volunteer	20
walks	100
wind	20
you'll	40
zero	20
1.E.1	100
10.36[22	20
14,732,130|151,740,939|195,937,329|269,597,979|343,258,629	20
160	100
160-162	60
171	20
19-28	20
23-Nov	20
29,086	20
29,273	20
4,957,000,000	20
4959	20
5,417,873	20
534,652|333,829|474,171|57,013	20
77.7	20
779,916	20
ALLEGHENY	80
APPENDIX	40
Allegheny	1700
Antisbury	20
Appendix	100
Artery	180
Assuming	40
BOOK	20
BRIDGE	20
Ben	60
Bluff	120
Box	20
Bridge	1260
Comparison	40
Court	20
DIRECT	20
Elliott	20
Erie	40
K	100
Kirkpatrick	40
LIVING	20
Living	40
Low-Level	20
Low-level	60
Miller	20
Monongahela--Second	20
Moreover	40
NUMBER	40
Outlet._--Raising	20
PLAN	100
Paris	280
Plan	300
Public	120
Queens	120
RISE	20
Re-alignment	60
Rebecca	40
Ridge	20
Run	1840
STRICT	20
Shannon	120
Sidenote	680
Sprague	20
Steel	20
Throughout	60
Tilley	20
VARIOUS	60
Various	100
Volunteers	20
Wyandotte	20
Youghiogheny	60
advantage	360
affair	40
arrangements	20
artery	320
assuming	40
atlas	40
automatic	20
back-pressure	20
bent	20
bluff	80
bridge	3900
canalization	20
canalized	20
cars--is	20
cents	20
charter	20
cities	820
clinging	40
commodities	40
comparison	80
complaint	20
completed	100
conceivable	20
connects	160
consisting	20
consultation	20
cool	20
court	100
decent	100
deck	120
descends	40
dip	20
direct	640
discover	20
distance--over	20
distinctly	40
divided	60
dooryards	60
drawn-out	20
drivers	40
efficiency	80
embrace	20
eminently	60
en	20
encouragement	20
enjoy	100
establishing	40
estimates	40
examples	40
exclusively	20
expeditious	20
expensive	100
force	100
forcefulness	20
gang-planks	20
gave	20
had	240
ice	40
illuminating	20
impression	20
indicated	140
interested	40
intersection	60
leader	20
leaps	20
led	40
living	100
local	940
longer	180
low-level	40
mailing	20
merchants	40
modified	20
monotony	20
moreover	20
mounting	20
must	1300
narrowest	20
number	540
omit	20
opened	20
overcrowding	20
packets	20
parked	20
plan	1320
plant	20
position	20
potentially	20
premature	20
productive	40
progressive	20
projecting	20
protective	20
public	1460
purpose--an	20
ratio	20
re-alignment	60
rebuilt	220
reference	200
related	100
ridge	260
rigid	20
rise	240
run	380
said	80
say	140
secluded	60
settlement	100
short-sighted	60
shrubs	40
similar	120
simplify	20
situated	80
slope	120
solid	100
sordid	40
steel	60
sum	40
tax	200
thanks	20
throughout	200
track	140
troublesome	40
universal	20
various	360
viewpoint	40
visit	40
volunteers	100
walk	40
westerly	80
whomsoever	20
wrench	20
1.E.2	20
1.F.1	20
13,950	20
13-Nov	20
15.4	20
150	100
161	40
1902	40
1913	20
1935	20
24,330,000	20
260	20
29.1	20
293	20
30,889	20
311,090|▎	20
56,324	20
AGREE	40
AK	20
ANY	60
Any	120
Arlington	140
Arnold	120
Assessors	40
BENNO	20
Beechview	180
Benno	20
Borough	120
Boulevard._--East	20
Boundary	180
Cathedral	20
Caughey	20
County	260
Data	40
Dravosburg._--From	20
Edgewood	120
Elbe	20
Elevated	20
Expert	20
FROM	20
From	480
HEIGHTS	60
Heights	160
Improvement._--The	60
Incidentally	40
Information	120
Kennywood	40
L	40
Lee	20
Marion	20
McFarland	20
Mission	20
Never	20
PARK	20
PLEASE	20
PROFILES	40
Park	720
Park,--from	20
Pennsylvania	520
Please	20
Profiles	20
Publication	20
RIVER	80
ROUTES	20
Reading	80
River	1680
Routes	60
Royalty	40
SUBJECT	20
Sample	60
Street|Feb	20
Subject	20
Tennyson	60
Trenton	20
Two	40
Vehicle	20
agree	160
anachronistic	20
anticipate	20
any	2420
applies	20
appropriation	80
artists	20
assessors	20
attempted	20
attitude	20
becomes	320
begins	60
borough	40
boundary	20
breadth	20
built-up	60
careful	80
causes	20
cleared	20
commercial	580
consolidation	20
contributing	20
county	180
cranes	60
crowded	20
curving	20
data	320
demanded	40
descriptive	20
desire	60
disregarded	40
diverting	20
dotted	20
elevated	40
enclosing	60
entering	40
erects	20
exactly	20
excluded	20
exercised	80
experience	120
exploitation	20
extent	240
extreme	160
farming	20
favorably	20
floor	20
from	6940
fronts	100
gbnewby@pglaf.org	20
got	20
grandstand	20
grappling	20
grounds	120
heights	260
hidden	20
him	40
historical	20
inch	40
incidentally	20
inclusive	20
induced	20
information	240
instruments	40
interest	220
interpreted	20
is	16260
join	140
later	60
layout	140
ledges	40
lifted	60
lithographic	20
maintained	120
meets	20
million	40
mission	60
models	20
monuments	140
necessarily	40
never	140
objections	40
obviate	20
occur	80
open	360
originate	20
our	180
paper	20
parallels	20
park	1240
picturesque	40
plaza	40
please	20
plenty	40
portrays	20
precedent	20
preclude	40
predecessors	20
preferable	20
prices	120
printed	80
profiles	60
prospective	20
publication	40
quarter	80
raise	100
reading	20
regulation	20
reliable	20
removal	20
repository	20
reservation	20
revenue-producing	20
right-of-way	60
river	2700
river-born	20
routes	160
royalty	20
scene	60
serving	60
setbacks	20
shall	360
shod	20
signboards	20
sites	100
smoking	20
span	140
specifically	20
street-car	20
subject	100
swimming-pool	20
takes	100
thoroughfares--the	20
tolerably	20
two	1600
uncertainties	20
unwisely	20
valley--say	20
valley.[31	20
vehicle	100
village	20
vital	100
wall	280
wasted	20
widenings	140
word	20
worse	20
1.E.3	20
1.F.2	20
140	60
1617	20
162	20
195	20
1¾	20
2½	40
3¼	20
42,559	20
57,269	20
62,700,000	20
7,831|FORTY-THIRD	20
79,247	20
9,709	20
9th	40
About	60
Alternative	20
Aspinwall	260
Author	20
Belt	40
CITIZENS	20
CITY	120
COMMISSION	120
City	1380
Commission	540
Common	20
Do	60
Fort	200
Gutenberg-tm's	20
Harrisburg	20
Highway	20
IT	20
It	2200
JOHN	20
John	60
LIABILITY	20
Lock	80
Lumber	20
M	20
Manaos	20
McKay	40
Mississippi	20
Negro	20
Noblestown	40
Parkway._--A	20
Piers	40
REPRESENTS	20
SOUTH	20
Secured	60
South	1640
Squaw	180
Street._--A	20
THOSE	40
Thirty-sixth	20
Twenty-third	20
Westward	60
Within	20
about	1860
account	240
acquisition	40
admirable	20
affecting	100
alternative	20
appearing	20
attempt	40
attendant	20
bit	20
block	160
bottom	160
bought	20
casual	20
checks	20
circumferential	40
cited	20
citizens	40
city	2280
clear	480
commission	40
common	100
compensated	40
competent	60
concentration	60
constructing	120
copying	80
corrupt	20
cross-connection	20
demand	180
disregard	40
do	700
dumping-grounds	20
empty	60
encourage	20
endangered	20
entertainments	20
errors	80
esthetic	60
evidenced	20
existing	580
feels	20
fort	20
globe	20
gradient[35	20
great	1040
hard	40
highway	160
huge	40
human	40
includes	40
intended	20
interpose	20
issued	20
it	7720
know	20
land	1620
landing-stages	20
landowners	20
lapse	20
lengths	20
liability	40
liens	20
lies	120
lift	20
loads	60
m	20
maintain	60
making	380
mere	120
monthly	20
name	60
non	20
notable	60
nothing	160
occupation	40
official	160
one--the	20
ordered	20
ought	360
outlook	140
perfect	20
piers	400
playground.[14	20
print	20
proceeded	20
quantity	20
questions	80
quick	20
really	60
reduces	20
remained	40
riverbanks	20
rounded	20
secured	580
seven	20
shade	60
shore	20
south	1340
specialization	20
stairways	20
subdivided	60
subdivision	20
sudden	40
sufficiently	20
surface	200
talked	20
team),--.9	20
thoroughly	20
those	960
trains	80
transfer	60
two-span	20
twofold	20
understood	120
unreasonably	20
uplands	60
user	60
vehicles--4	20
westward	80
within	480
worthy	60
1.E.4	20
1.F.3	100
13,240,010|[41]1,879,140,750	20
160,395	40
163	20
172.0	20
18,430	20
18.3	20
19.2	20
1915	20
273	20
283,041	20
311,090	20
3½	140
44-56	40
55,118	20
6,585.60	20
74-75	20
America	100
Annually	20
Bearing	20
Brazil	20
Chestnut	180
Colwell	20
Director	20
EBOOK	40
EBook	60
Freeman	20
Harbor	200
Homewood	40
However	20
International	20
Just	20
Knox	20
Lane	100
Larimer	120
Lawn	20
MORRIS	20
Metropolitan	20
Michigan	40
Minsinger	20
My	20
N	20
Only	40
Out	20
PARAGRAPH	20
Playground._--Partly	20
Pleasant	20
Rocks	140
Seine	100
Sketch	20
Street-Sixth	20
TABLE	140
THOROUGHFARE	80
Table	60
Tentative	20
Thoroughfare	740
Transportation	40
Via	20
accessibility	20
adequate	240
am	20
annually	20
apply	40
assume	60
basic	20
bearing	100
been	1580
border	20
build	60
closed	20
crosses	40
curtailment	20
damaging	20
deal	140
deep	200
degree	120
depend	60
destination	20
development.[17	20
driveways	20
dumping	20
eBook	120
ebook	40
effort	100
elsewhere	60
enhance	20
enormous	100
entrusted	20
equipment	160
equitable	20
essential	240
estate	120
ever-present	20
everywhere	20
exceeding	20
exclusion	40
exporting	20
extensions--Butler	20
fact	420
flat-house	20
fortunate	20
forty	20
free	320
fulfil	20
funds	20
harbor	280
holder	80
however	360
hundred	200
identify	20
imperative	40
improved	520
increasingly	20
indicative	20
interfere	80
intervals	80
intimately	20
judgment	20
just	700
justifies	20
keeps	20
land[20	20
lawn	20
lighting	20
live	80
machinery	20
mapping	20
marked	120
massing	20
means	580
metropolitan	20
minimum	300
miscellaneous	20
my	80
necessitate	20
negligible	20
network	20
nobly	20
only	1560
operations	20
order	300
out	1220
outskirts	20
paid	180
paragraph	300
partially	60
passage	100
peace	20
permanent	400
piece	40
pitches	20
places	220
playing	40
pleasant	80
portal	20
portions	280
preserve	40
principal	280
proceed	40
prospect	20
protected	180
published	120
rank	20
reconcile	20
relative	40
remain	140
remembered	20
remodeling	60
reporting	20
reproduction	20
requested	20
resting	40
sacrificing	20
schemes	20
screen	40
seats	20
sense	80
sketch	20
so-called	20
spent	60
standing	100
stating	20
step	60
substantial	20
suited	60
supported	20
table	140
tapped	40
temporarily	20
tentative	20
term	20
therefrom	20
thing	140
thoroughfare	3260
three-horse	20
transportation	420
travel--largely	20
trips	40
twenty-five	40
un-congested	20
uses	20
vantage	20
vast	40
via	280
views	80
waive	20
wiser	20
wooded	160
worth	60
yachts	20
1.E.5	20
1.F.4	20
120	120
151-153	40
153	20
175	20
19,661	20
197	20
21.88	20
230	20
285	20
373	20
38.6	20
44-46	20
450	20
47-49	20
49972	20
4½	40
53,127,210|████████████████████████████████████	20
58,875	20
60-62	20
65-67	20
75-77	20
85,969	20
85-87	20
96-98	20
ADOPTED	20
AN	40
Abatement	20
An	160
Bigelow	20
Bonn	20
Boston	80
Broadway	120
COST	40
Code	20
Cologne	20
Comptroller	20
Cost	120
Cutoff	20
DEDICATED	20
Damon	20
Division	20
ENTHUSIASM	20
Eight	20
Figures	20
Fox	20
Frankfurt's	20
Freeport	160
Ghost	20
Highland	300
IV	160
KNOWLES	20
Kaiser	20
Ligonier	60
Mansion	20
NECESSARY	20
Necessary	20
O	20
Outlet	60
Population	20
Professor	20
Road--forms	20
SERVE	20
SYMONS	80
Sewerage	20
Shaler	60
Silver	80
Smoke	20
Spring	180
Steep	100
Symons	60
TRANSMISSAL	20
Transmissal	40
Triangulation	20
Union	120
Way	100
Widths	20
Wood	40
accommodate	100
activities	120
adjustment	20
adopted	280
an	2900
anticipation	40
apiece	20
appearances	20
area	700
around	280
avoiding	40
blame	20
buys	20
certainly	100
changing	80
cheap	160
climbing	140
closeness	20
code	40
colleague	20
comes	120
competitive	40
contribute	40
cost	1280
count	160
cramping	20
criticism	40
curtailed	20
curve	120
datum	20
dimensions	60
division	20
donors	20
economically	100
elect	20
enlarging	40
expansive	20
expressed	40
extensive	60
extraordinarily	20
fees	80
figures	120
fixing	20
foothold	40
forms	160
frontier	20
governing	20
growing	80
harmless	20
high-class	20
hill-street	20
illustrate	20
imposed	40
impossibility	20
ingenious	20
judged	20
lieu	40
loose-leaf	20
meant	20
much	1340
mud-bank	20
necessary	340
off	160
ones	40
operators	20
outlet	200
outweighed	20
overlooking	100
ownership	40
owns	100
packages	20
payments	80
penny-wise	20
personally	20
playfields	40
pleasure	280
pointed	20
population	160
process	180
profits	20
progress	40
protect	60
put	220
re-use	40
realm	20
reasons	160
reconstructions	20
rentals	20
request	40
residences	40
respects	20
roadway	320
safe	40
seclusion	40
serve	200
sewerage	20
shabby	20
smoke	20
sound	20
spaces	40
spared	40
sparsely	20
spring	80
statement	20
steep	780
streets,--Rebecca	20
suggestions	40
superintendents	40
supplies	140
support	100
terracing	20
text	40
throats	20
time	760
tracks--and	20
trails	20
transverse	20
triangulation	100
trunk-line	20
tugs	120
tunnel--and	20
two-thirds	20
typographical	20
undertook	20
undoubtedly	140
unfitness	20
units	60
usefulness	60
usually	100
utilizing	20
utterly	40
watch	60
way	740
wealth	20
west[25	20
widths	120
youngsters	20
0	200
1.E.6	20
1.F.5	20
10.89	20
121	100
154	20
162-165	60
198	20
1A[38	20
2,901,837	20
20.44	20
220	20
231	20
24,335,982|████████████████▌	20
26,523	60
29,102	20
29,146	20
29,212	20
31-34	20
34-37	40
380,243	20
495	20
4¾	20
ACTUAL	20
AVENUE	20
Almost	20
Angelo	20
Anno	20
Avenue	9020
Brillant	20
CHUBB	40
Chubb	20
Connection._--On	20
Craig	60
DAM	20
DISTRICT	140
Dam	140
Date	20
District	1200
Dr	40
ENGLISH	20
EXPRESS	20
English	60
Ewing	20
Extension._--Murray	20
FT	40
First	240
Foot	20
Haights	340
How	20
INDIRECT	20
Improvement._--Bridge	20
Improvement._--Miller	20
Lang	120
Manure	20
Neighborhood	60
Newcomer	20
OLMSTED	120
OTHER	20
Olmsted	180
Other	40
P	20
Pike._--From	20
Point	680
Rhone	20
Schuylkill	40
Sections	100
Sheraden	40
Sixteenth	340
Steam	20
Streets	780
Stuttgart	60
Township	160
Twelfth	20
Twenty-Second	20
Twenty-second	200
Typical	20
University	20
Viaduct	120
WELL	20
We	60
abutting	200
acquired	20
actual	180
adopt	20
almost	560
application	40
ascertain	20
asset	60
attractiveness	60
avenue	80
away	140
bench	80
beneficial	20
burden	180
can	2500
charged	80
complex	60
conflicting	20
containing	20
controlled	120
cutting	420
date	160
deliberately	20
determining	20
disclaim	20
discovery	20
district	1020
employee	20
encroached	20
enlargement	20
essence	20
excessively	20
exhaustive	20
express	40
extra	60
farmers	220
feet	3120
first	760
flow	20
folly	20
foot	160
frequent	80
giving	120
groupings	20
hear	20
heavily-loaded	20
how	220
identification	20
imagined	20
indebtedness	20
indirect	80
justify	80
lengthened	20
lined	40
load--19	20
magnitude	40
make	640
margin	20
meadows	40
mischief	20
mothers	20
moving	60
neighborhood	240
neighboring	60
obstructive	60
other	2680
p	100
parkways	20
performance	40
point	960
powers	20
ragged	20
reality	20
realized	60
recourse	20
referring	40
requires	120
sectional	40
sections	220
selling	20
setting	100
she	20
slower	20
slowly	80
smooth	20
snows	20
specified	40
steam	60
streets	1660
thoroughfare[23	20
tie	20
township	160
true	120
typical	80
unavailable	60
undesirably	80
uneconomic	40
unrivaled	20
up-to-date	60
urgently	60
valuable	100
varying	80
viaduct	640
wagons|riages	20
watchful	20
we	400
well	500
whose	80
willing	40
world-wide	20
1	1120
1.E.7	60
1.F.6	20
100	200
11.25	20
111	20
122	60
133	60
14,732,130	20
144	20
155	20
232	20
320	40
42,827	20
44,233,500	20
60,919	20
672	20
6½	40
81-85	20
ASCII	40
Auto	20
Avenue--Northerly	80
Avone	20
BEAUTIFUL	20
Barge	20
Below	20
Clyde	60
Connection._--Starting	40
Crossings	120
DAMAGE	20
Der	20
Dravosburg	220
Engineer	40
European	160
Extension._--Coming	20
Extension._--Kelly	20
FULL	60
Following	20
Frazier	20
Full	40
Hollow	280
Improvement._--From	20
JOSEPH	20
Klopfer	20
Lake	100
Lot	20
MOVEMENT	20
Martha	20
Mohawk	20
OPPORTUNITIES	20
Opportunities	80
PAGE	80
PASSING	20
Page	40
People	20
Pittsburgh--Monongahela	20
REWARD	20
Sassafras	100
Sec	20
Sedgwick	20
September	40
State	40
Strawberry	40
Stübben's	20
System	160
THE	600
TRADEMARK	20
Tenth	260
The	7290
Totals	40
Trademark	20
VALUE	20
West	840
Wharton	20
While	80
York	400
absorption	20
accordance	240
activities--economy	20
activity	40
adjust	20
always	180
amply	20
auto	20
away--you	20
barge	40
basement	80
beautiful	100
began	40
below	660
beyond	480
cease	40
chokes	20
conclusive	20
conspicuous	40
continuous	100
converting	20
correspond	80
crossings	180
curbs	80
damage	60
diminishing	20
discontinued	20
donate	60
earthy	40
engineer	20
examination	40
executed	20
factor	60
fence	20
fit	180
following	840
formal	20
formation	60
full	300
furnishing	20
furthest	40
gateways	20
gulleys	40
hand	220
hauled	40
heaviest	20
higher	340
highly	80
hollow	60
immediate	180
increases	60
inevitably	100
inundation	20
lake	20
large-sized	20
levels	180
lot	140
misleading	20
mobiles	20
movement	80
nor	60
obstacle	80
occupy	40
opportunities	220
over--to	20
page	300
passing	300
people	620
permission	140
piecemeal	140
plat	20
possibilities	20
prevail	40
probable	120
purchaser	20
rarely	20
reaching	240
recording	20
red	20
risk	20
rodmen	20
sacrifice	60
seriously	100
shown	320
skill	100
skirting	20
sore	20
state	120
steadily	100
striking	140
style	20
subway	20
suffer	20
suggests	20
supply	80
surroundings	140
system	820
tapes	40
telling	20
temporary	40
the	87880
totally	20
trademark	180
translation	20
traversing	60
undertaken	60
unsightly	80
untaxed	20
vacant	200
value	1120
wanted	20
west	1060
while	340
whom	80
working	120
1,580	20
1.E.8	80
101	40
123	40
134	20
141-144	20
145	20
145-151	20
156	20
189	20
1A	40
2	840
200	80
37,888	20
42´	60
530	20
6.3%[34	20
7½	20
Act	80
Alexander's	20
Archive/Canadian	40
Better	20
Brunner	20
Channels	20
Detailed	20
Dithridge	40
End._--Braddock	20
HILLS	20
HUMP	60
Heights._--Disregarding	20
Here	140
Hills	700
His	20
Howley	160
Hump	480
INDEX	60
Illustration	1780
Index	40
Located	20
Methods	20
Municipal	40
Negley	180
Pine	140
Prevention	20
R	120
REPLACEMENT	20
Reached	40
Replacement	20
Sometimes	40
Summerhill	20
Terrace	20
UTF-8	20
Unified	60
Washington	900
Western	20
abutters--call	20
accommodation	60
act	100
adhering	20
adverse	20
arbitrary	60
bargain	20
bargaining	20
bathe	20
believed	220
better	380
branches	120
bring	100
bringing	20
card	20
case	480
change	380
channels	300
chiefly	120
comparatively	200
compilations	20
consequences	20
contribution	20
converted	20
decoration	40
definite	100
delays	60
depths	20
designated	40
destruction	80
detailed	120
dirty	20
dragged	20
dwelling	20
enlarge	20
enough	480
executing	20
flatness	20
followed	140
furnished	120
generous	40
gradient	1820
gradual	140
haul	40
hauling	40
here	340
hills	380
his	240
holdings	20
hour's	20
hump	20
impressiveness	20
incline	120
inconvenience	140
index	40
indexing	40
influencing	20
inland	40
interior	40
justification	40
lag	20
laid	240
located	300
matters	20
methods	100
mistaken	20
mostly	120
municipal	80
noted	380
passed	140
periods	60
plunging	40
ports	80
prefer	40
proper	340
purchases	20
rather	300
reached	340
readable	40
receives	20
recorded	40
replaced	40
replacement	60
requirements	180
resident	20
return	80
river-boats	20
satisfied	20
scarcely	60
score	40
separately	20
sewer	20
slightly	120
sometimes	140
speaking	80
survive	20
terrace	80
think	20
transcription	20
traversed	20
tributary	40
unattractive	40
unprogressive	40
urban	140
utilize	40
vans	20
varies	40
want	40
wanting	20
warehouses	140
western	220
worked	40
world	240
1,460	20
1.E.9	60
100,141	20
102	20
11-17	20
113	40
14,846	20
141-145	20
1909	320
1909.--TABLE	40
20-Oct	20
3	960
300	60
30th	40
32,478,500	20
32´	20
714,856|FORTY-THIRD	20
7¾	20
8½	20
960	20
982	20
Affected._--_(a	20
Antwerp	20
Aug	160
Avenue--a	40
BREACH	40
Boats	60
Carrick	120
Claremont	40
Construction	60
DIAGRAM	80
Deeds	20
Defect	20
Diagram	620
EFFECT	20
Effect	120
Extension._--Hawkins	20
FOOTNOTES	120
Fairbanks	40
GIVE	20
Gearing	20
Germany	60
Government	120
Grove	20
Irwin	60
Jumonville	20
Laws	20
MARSH	20
Magee	60
NOT	40
Neither	20
Not	40
OWNER	20
PATIENCE	20
POSSIBILITY	20
Playground._--In	20
Possible	40
Procedure	120
RECORD	40
RIVER--AVERAGE	20
Race	20
Rankin	280
Record	20
Redistributing	20
Roads	40
S	200
See	260
Sharpsburg	340
Street,[21	20
Street._--East	20
Valley._--Another	20
WORK	40
XI	20
XIII	40
abandonment	20
acquiring	60
affords	20
angle	20
areaways	20
automobile	20
back-water	20
based	200
boats	700
bridges|Passenger|Delivery|Single|Double	20
care	80
cared	20
civil	20
condemnation	100
constantly	100
construction	540
contained	20
controlling	60
convert	40
corresponding	100
custom	20
cuts	40
damage-waivers	20
deeds	20
defect	40
detail	100
determine	100
determined	180
diagram	40
differed	20
diminish	40
disposal	20
diversion	20
double	80
draughting	40
educational	20
effect	160
encroaching	40
engineering	100
entire	180
follow	280
former	240
furnish	180
gently	20
give	640
gotten	60
government	20
graphical	20
hand-to-mouth	20
hit	20
inadequate	60
investigations	120
irregular	100
laws	220
lengthening	20
livable	20
maintenance	80
move	100
moved	180
necessities	20
neither	60
not	3660
occupying	40
one-span	20
opinions	20
opportunity	600
original	140
owner	260
pass	140
possibility	60
possible	940
posts	20
prevailing	100
procedure	300
prominently	40
promptly	60
race	20
rates	40
re-surveyed	20
reach	340
record	120
redistributing	20
reduction	100
reinforced	20
relief	80
remarks	20
require--6	20
retarded	20
roads	220
see	60
segregate	20
sets	40
shipped	40
sidewalks	140
significant	20
skimped	20
skirt	40
somewhere	20
speculative	20
spirit	40
stimulating	20
stories	20
streams	60
stretches	40
structure	100
supplying	40
swift	20
tested	20
timid	20
ton	180
transit	20
twenty	60
ultimate	80
unfavorably	20
unnecessarily	20
variation	20
violates	20
water-front	80
work	1800
xi	20
xiii	20
1,185,250	20
1,681	20
125	40
133-165	60
147,095	20
18,700	20
18-foot	20
24,408	20
36,759	20
4	680
400	20
455	20
49972-0.txt	20
6.5%[34	20
99,300,075|137,696,104|203,896,154|270,096,204	20
ARE	20
AS	40
Alongside	20
As	560
Beechwood	440
Bolder	20
Bridge._--Butler	20
Buildings--the	20
CONTRACT	20
Car	40
Cemetery	20
Conclusions	40
Councils	20
Dear	20
Department	60
Diamond	500
Hilltop	20
KIEHNEL	20
Kiehnel	20
Nine	120
Note	40
November	40
Objects	60
Obviously	20
Pittsburgh's	140
RECREATION	20
Railroad	800
Recreation	40
SPECIFIC	20
Safety	20
Sewickley	20
Sir_:--I	20
Specific	60
Station	140
Street--Fifth	100
T	140
TOWN	100
Terraced	20
Thoroughfare._--The	60
Thus	120
Town	220
Unless	60
Valley._--There	20
WILL	40
Web	60
Wilkinsburg-Edgewood	100
Wolf	20
abandoned	120
abutters	100
accustomed	20
acquirement	20
address	40
adds	40
alongside	20
apart	140
appreciable	60
are	5780
as	6620
associations	20
avoided	60
bare	20
behavior	20
believe	40
blank	20
bolder	20
bridges|Pedestrians|[39]Gross|[40]Total	20
bulk	40
car	340
cemetery	20
century	40
changed	60
circumstances	160
composed	60
comprehensive	320
conclusions	80
consistent	20
contain	40
councils	20
countries	40
cramped	120
dead-end	40
departure	20
desperately	20
detached	20
donation	20
due	300
effectively	60
enlarged	80
equal	180
etc	180
expressing	20
five	80
fixed	300
flesh	20
flowing	20
governed	20
grading	40
habit	20
hilltop	220
homes	20
ignore	20
improvements--the	20
incident	40
inclined	20
inconsiderate	20
inconvenienced	20
infringement	20
judging	20
laborious	20
leaving	180
looks	40
low	400
lowest	40
meantime	20
mind	140
monumental	80
nonproprietary	20
northwest	140
note	80
objects	40
obviously	40
occasional	120
of|Auto	20
older	80
otherwise	120
overlooked	20
past	120
peaks	20
policy	80
producer	60
provides	40
radius	20
rail	160
railroad	1540
reasonably	340
recreation	400
regards	60
replace	40
safety	40
scope	40
secondary	80
sell	20
set-back	60
shallow	40
shippers	40
shrubbery	20
simple	80
slipping	20
smaller	40
specific	100
standardizing	20
station	280
status	100
steady	40
stores	180
strike	20
stuff	20
suburban	260
synonymous	20
terraced	20
thus	560
too	300
town	540
traverse	20
trunk	60
uniform	180
unless	120
utilized	40
valleys	260
vary	20
vicious	40
weather	60
web	40
will	2800
1,000	20
1,055	20
104	20
123-165	20
13,240,010|████████	20
134-165	20
137	60
137-140	20
153-157	20
159	20
1906-1907.--U	20
1908-1909.--U	20
225	20
231,232	20
28.33[22	20
3.0	20
324	20
379	20
398,430|▎	20
401	20
5	620
500	20
896	20
90,812|150,490	20
99775	20
AT	40
Alaska	20
Alley	200
At	680
Beelen	20
Brownsville	300
Connection._--There	20
Connections	100
Considerable	20
Delaware	40
Eighteenth	240
FOUNDATION	20
Foundation	420
Frankstown	280
Generally	60
Girty	20
Harmon	20
Hays	20
Hazelwood	220
Institute	100
Lebanon	20
Mifflin	140
Motor	20
Moultrie	140
Nov	20
Online	40
PART	200
Part	480
Pike	300
Price's	20
Provision	40
RESPOND	20
Service	20
Smallman	20
Snyder	20
Street._--On	20
Street[41	20
Theoretically	20
Thoroughfare._--Returning	20
Twenty-eighth	120
U	100
Westward._--The	20
Whether	40
Whitaker	20
Your	20
abandon	20
absorbing	20
abutments	20
adaptation	40
alley	20
altered	20
architecture	20
at	7700
avoid	180
central	500
cliffs	40
climb	80
closing	120
compelled	120
complications	20
connections	460
consequent	40
considerable	460
copies	160
corrections	40
counsel	20
counting	20
customers	20
damaged	40
declivities	40
designs	20
desirable	380
detach	20
discontinue	20
earliest	40
encoding	20
eventually	40
everything	40
expectable	20
fifty-foot	20
fix	40
fluctuations	20
generally	200
good-looking	20
govern	20
grow	20
half	240
half-block	20
hearty	40
her	60
hope--of	20
houses	140
hub	40
ideal	140
improving	100
indemnify	20
influence	80
intricate	20
lying	60
mapped	40
minor	20
months	80
motor	40
much-needed	60
necessity	140
next	380
nose	120
obstructions	40
online	80
ordinance	20
organization	60
overlook	40
pace	40
part	920
pavements	60
periodically	20
pertaining	40
practical	100
predominance	20
prejudice	20
probability	40
processing	20
properties	140
prosaic	20
protecting	20
provision	200
reported	40
scenic	40
service	80
should	3920
simplest	40
solicit	40
sorts	20
spread	100
staffs	20
stalls	60
stated	60
supporting	20
tapping	20
territorial	20
thoroughfare--a	20
thousands	20
three-level	20
top	240
trees	180
twenty-eighth	20
unable	20
unfortunate	20
unlink	20
unprotected	20
unsatisfactory	20
valley.[29	20
valued	60
well-recognized	20
whether	60
wide	720
would	4100
your	240
█|2,228,270	20
1,043,020	20
1.3	20
10.29	20
100-112	20
101-122	20
105	40
116	40
11th	20
138	40
138-140	40
185,158	20
2,022	20
2,495	20
24´	20
25,904	20
27,098,291|████████████████████████████████████	20
358	20
4.0	20
4.93	20
430,980	20
43]Weight	20
5.8%[34	20
6	380
600	20
622	20
732	20
ACT.--Defining	20
Affected	20
Apportionment	20
Avenue--although	20
Avon	40
Building	80
Coast	60
Euclaire	20
Expenditures	20
Final	20
Gap	100
Herrs	20
Holy	20
IMPROVEMENT	40
Importance	120
Improvement	860
JUNCTION	40
Junction	280
KIND	20
Light	40
Nile	20
Normally	20
ORDINANCE.--To	20
OVER	140
Over	20
REPORT	80
Remaining	20
Report	200
Representatives	80
Richmond	60
SIXTH	40
Second	900
Sidney	20
Sixth	920
Solutions._--It	20
Some	120
Southern	120
Street.[15	20
Street._--Plans	20
Suggestive	20
Thompson	60
Traction	20
Twenty-first	20
V	160
Westview	20
YEARS	40
accurate	260
acquire	40
affected	60
alter	60
arriving	60
await	160
bear	80
beings	40
benefited	80
bigger	20
building	960
carriage	20
centered	20
chance	40
charge	220
charities	20
cleanly	20
communication	40
conjunction	20
conscious	20
constructed	120
country	620
covered	120
crowned	40
dated	20
dealing	40
decline	100
deduce	20
delivery	60
differences	60
directions	60
dump	40
duties	20
electronically	40
evil	20
exceed	100
excellent	20
existed	20
expenditures	40
experiments	80
explained	20
extensions	120
faces	20
feature	120
final	120
freedom	20
gap	60
get	340
glance	40
goods	100
groping	20
groups	20
hope--sometimes	20
importance	620
improvement	1140
informal	60
inlet	20
inner	20
intending	20
junction	360
kind	40
light	220
line	1680
lowlands	20
materially	220
men	20
mingled	20
naturally	40
navigation	660
normally	100
now	1280
obedient	20
occupants	20
oft-times	20
ordering	20
over	2440
overhead	40
people,--the	20
play	120
preliminary	80
problems	240
proposition	80
quite	140
redistribute	20
region	220
remaining	140
report	1160
representatives	20
rest	180
restaurants	20
results	220
roof	20
rounding	100
school	20
second	280
securing	100
severe	40
sheets	180
shows	120
signs	40
slanting	40
snowy	20
sold	20
some	1020
southern	340
squares	40
stand	40
standards	20
stationary	20
stock	20
struggles	20
suggestive	40
system--in	20
systematically	20
teams	60
tender	20
tied	40
traction	120
traffic--except	20
trucks	80
turns	40
unnecessary	100
unseen	20
unusually	40
void	40
wares	20
week	20
widest	60
won	20
years	320
1,035	20
106	20
117	80
128	20
132,894	20
15-foot	120
2.3	20
24,325,900|████████████████████████████████▌	20
24-Oct	40
3,000	20
3.2	20
3.82	20
362,752	20
398,430	20
425	20
447	20
47´	60
5-30	20
667	20
7	540
AND	440
And	180
BAND	20
Baltimore	660
Bridge._--The	120
Brilliant	20
Center	660
Chainmen	20
Chairman	80
College	20
Eleventh	60
Enclosed	40
Fifth	1320
Finley	40
Floods	20
Garden	40
Grade	560
Hampton	20
Improvement._--Grant	20
Improvement._--Washington	20
Inspector	20
Island	100
JONES	20
Joncaire	20
Jones	20
LOCATION	20
Lawrenceville	80
Liberty	1280
Location	180
Made	20
Medium	20
Middle	20
Mile	200
Miller's	20
Monongahela	720
More	20
Nearly	20
Newby	20
PREPARATION	20
Penn	1040
Philadelphia	160
Property	40
RICHARD	20
Richard	60
Sylvania	20
W	240
WATER	20
Water	200
Wisconsin	20
abnormally	40
accommodated	40
acre	100
acres|1091	20
additions	40
advisable	60
affect	120
and	37440
appear	240
appreciating	20
baffling	20
band	20
banks	280
barrier	20
benefit	140
boulevards	20
bounds	20
brilliant	20
center	360
chairman	40
charts	40
city--details	20
clayey	20
comprising	20
conduits	20
conferences	40
confirmation	40
consensus	20
construct	40
contributed	20
convenience	80
copy	240
corner	400
cover	100
crowding	40
culminating	20
customary	40
decisions	20
decorated	20
deductible	20
diagonal	120
distance	380
doing	20
dollars	20
drawings	40
economic	80
editions	140
enclosed	40
entered	20
establishment	140
excavated	60
excess	20
excluding	20
exist	100
far	680
files	40
flanked	40
floods	180
frosty	20
garden	80
girls	20
gladly	20
grade	1000
handicapped	20
held	60
http://www.gutenberg.org/4/9/9/7/49972	20
illustrated	40
impose	40
impossible	160
incompleteness	20
inspiring	20
instance	100
intelligent	100
invariably	20
jointly	20
landing	40
leads	100
leave	160
lectures	20
liberty	40
location	640
lose	20
made	1560
maintaining	60
majority	120
markets	180
medium	100
middle	120
might	580
mile	140
mills	60
mistakes	20
modifications	60
more	1940
multigraph	20
nearer	40
nearly	340
needed	420
offices	60
option	20
particular	60
peculiar	160
peculiarities	20
pending	20
person	80
plainly	20
pocketed	20
pound-foolish	20
premium	20
preparation	180
prevented	40
printing	40
property	720
purposes	520
quays	80
rearrangement	20
recognition	20
relations	20
rendered	20
rules	40
served	220
sharply	40
short-circuited	20
sole	20
spends	20
stages	200
strain	20
sure	60
terminals	20
transcribe	20
trouble	60
two-line	20
ventilating	20
vigor	40
wasting	20
water	920
whim	20
whole	740
written	60
www.gutenberg.org/contact	20
1,045,570	20
1-4	20
118	120
129	20
338	20
37´	60
5.52	20
613	20
789	20
8	360
800	20
9,366,973,935	20
987	20
Already	20
Amanda	120
Assumed	20
Boggstown	20
Bridges._--The	60
Close	20
Club	20
Entrance	20
Flowers	20
HEINZ	40
Heinz	20
IMBUED	20
KINNEAR	20
LAST	20
Laborers	20
Leipzig	20
Little	60
Need	60
Pedestrians	20
Pilot	20
READ	20
Railways	20
Salt	20
Secretary	60
Senate	40
Sept	40
Shadyside	40
Solicitor	20
Thirty-seventh	20
Thoroughfare._--Girty	20
Title	20
UNDER	160
USEFUL	20
Under	80
accessible	180
action	160
allowance	40
already	540
approaches	380
ascending	20
aside	20
asked	40
assumed	40
beginnings	20
bridge--a	20
bridge-building	20
carrier	60
characteristics	40
class	120
close	200
co-operative	20
computers	60
consumer	80
cooperate	20
cost.[2	20
debouching	20
device	20
directly	380
disclaimers	20
discommode	20
district.[3	20
dividing	60
duty	60
elevations	40
embodying	20
enter	40
entrance	240
established	160
execution	20
expense	300
falls	40
farther	40
favorable	60
few	300
finer	20
fords	20
franchises	20
freed	40
frontage	420
fuel	20
goes	40
grandeur	20
herewith	100
hilly	60
holiday	40
horses	40
improve	140
indicating	20
inducement	20
interesting	240
involves	100
jagged	20
joining	160
landscape--the	20
last	100
little	800
locally	40
mailed	20
need	520
one-sheet	20
opening	100
owes	20
parking	40
pedestrians	120
permits	40
permitted	80
perplexing	20
playgrounds	40
postpone	20
preserved	40
presumably	40
pretty	60
prevent	120
projected	40
promising	40
publicly	20
pursue	20
read	40
recede	20
receipt	80
recognized	20
rectify	20
relating	40
render	40
rooms	20
safeguard	20
similarly	60
solidly	20
sources	40
steamers	40
strictly	40
strip	40
studied	200
transportation--specifically	20
treatment	240
under	1280
universally	40
unused	60
useful	180
utilitarian	20
version	20
very	1520
waived	20
wooden	60
www.gutenberg.org/license	20
¹/	20
▐|1,045,570	20
119	120
126.2	20
130,744	20
2,179	20
25th	20
27´	20
28-Mar	20
3.4	20
4.74	20
5,000	40
500,000	40
681,710	20
8,030	20
801	20
9	360
9,608,406	20
90	100
955	20
Approved	100
BY	80
Baker	20
Baum	120
Bloomfield	40
Boulevard._--From	40
Bureaus	80
By	340
CITY'S	20
Champlain	20
Chas	20
City's	40
Coal	60
Commercially	20
Considerations	40
Creeks	20
Different	40
FREDERICK	120
Frederick	120
Freeland	60
Furthermore	160
Gas	20
Gentlemen	20
Greenfield	380
Heidelberg	20
KING	20
LIABLE	20
Lausanne	40
Libraries	40
Madison	20
Maps	160
Montrose	60
Mount	100
Neatly	20
OF	740
Oak	40
Of	100
Oliver	140
PG	20
PROJECT	80
Project	1680
ROUGH	20
Redistribution	20
River.[44	20
SPECIAL	40
SURVEYS	20
Shaded	20
Side	600
Smithfield	220
Special	280
Station--in	20
Street._--South	20
Surveys	460
Taxes	20
Timber	20
Topographical	80
Types	100
WALLACE	20
Whereas	20
Yards	60
Zurich	40
absolute	60
abutters,--the	20
amounted	20
annoying	20
annum	80
approved	20
array	20
arrive	20
ask	20
atlases	20
attractive	240
attributes	20
balancing	20
besides	20
broke	20
by	7360
carefully	40
carries	40
cheapest	20
choose	20
city's	100
claims	20
coal	140
cobbler's	20
commanding	60
commercialism	20
commercially	40
considerations	60
consist	60
contemplates	20
continuation	60
courageous	20
coöperation	60
coördinates	20
current	180
daily	80
days	320
delinquent	40
described	140
descriptions	40
destroyed	20
devoted	80
different	260
displacement	20
dredged	20
easterly	20
elements	40
elsewhere,[4	20
establish	140
evidence	20
excuse	20
explanation	40
extends	20
extremely	80
fifty-five	20
floats	40
foliage	20
foreseen	20
format	80
furthermore	140
gauge	80
gymnasiums	20
hypertext	20
idea	60
imply	20
indebted	20
injury	40
invalidity	20
issue	100
itself	260
larger	240
legal	80
liable	20
like	260
limitations	20
links	80
mail	40
major	40
maps	400
measurements	20
members	60
misfits	20
mount	20
named	20
neglected	60
objective	20
of	48640
offers	140
omitting	20
patchwork	40
perhaps	180
perspectives	20
physical	280
pinched	20
planting	40
previous	20
principles	20
prohibitive	40
promenade	220
proportions	20
prosperity	20
proves	20
rebuilt.[12	20
redistribution	40
reform	20
requisite	40
rights	20
secure	260
seems	500
series	60
settled	60
shaded	40
side	1660
special	300
spellings	20
strong	20
surveys	240
taxes	160
thought	60
topographical	340
torn	20
toward	140
towboats	60
tows	60
treated	60
triangular	20
types	120
underscores	20
unoccupied	40
unreasonable	80
volumes	20
wagons	360
walking	20
whereas	40
widened--the	20
yards	260
1,159,084	20
109	20
128-132	20
15th	20
2,664	20
28´	20
3.5	60
3.74	20
4.75	40
428	20
556,154	20
577,320	20
7.89	20
8.13	20
80	560
84116	20
868	20
901	20
ADOPTION	20
AMOUNT	20
Amount	160
BELLEFIELD	40
Bark	20
Bellefield	220
Bessemer	60
Butler	500
California	200
Carnegie	80
Castle	120
Commonwealth	20
Congress	60
Connecting	20
Considered	20
DONNELL	20
Dedication	20
Developments	20
Extension._--From	40
Ferry	20
Field	160
Flats	20
Foremen	20
Geological	20
Greater	20
Greensburg	220
Hillside	380
Hillside._--Another	20
Horace	20
Hydrographic	20
Improvement._--At	20
July	20
LIMITED	60
Language	20
London	40
Meissen	20
Merely	20
Monitor	20
NOTICE	20
Noble	20
Non-Tidal	20
Non-tidal	40
OVERCOME	20
Owing	80
PGLAF	20
Perrott	20
RECOMMENDATIONS	80
REFUND	20
RUSH	20
Re-alignment._--Beechwood	20
Recommendations	120
Refund	20
Romeo	20
Rural	60
Since	60
Solutions	20
Stonycamp	40
THEIR	20
Tavern	140
Their	60
Traffic_.--There	20
U.S	140
Weight	20
Wilmot	40
accepting	40
adoption	60
advice	20
agreed	20
alternate	20
amount	660
annoyance	20
antiquated	40
arranged	80
aspect	40
assistance	40
averaging	80
bends	40
bride	20
by-products	20
canals	80
cent.[36	20
clearly	120
comeliness	60
commonly	20
comprise	40
conditions	700
confinement	20
connecting	300
considered	360
correcting	20
courtesy--has	20
crying	40
dealers	100
dedication	40
descending	80
desired	140
destroy	60
developments	140
district--from	20
downloading	20
ends	180
excepted	20
exceptional	20
exercise	60
expected	160
field	80
filter	20
forgotten	20
generation	60
going	60
greater	560
greatly	300
guidance	20
hardly	140
has	2460
hillside	960
horse-drawn	60
illiberal	20
images	40
inches	40
independent	160
indicates	80
informality	20
inserted	20
involving	40
justifiable	40
landscapes	20
limited	420
limits	80
man	60
me	20
merely	180
myself	20
neglect	40
noble	20
non-tidal	20
none	60
notice	60
obstructing	20
officially	20
owing	100
passenger	200
perfectly	60
pinch	20
populated	20
presented	120
presents	80
proofread	20
pumping	20
pure	20
pursuit	20
quickly	20
radical	240
raised	180
ranging	20
ravines	40
re-plotted	20
rebuilt.[13	20
recommendations	80
refund	160
regardless	80
reliability	20
rented	20
rents	20
revise	20
rotating	20
row	60
rural	80
sand-piles	20
seek	40
sending	20
sent	60
sidehill	60
since	200
slow-moving	60
solutions	80
something	40
somewhat	300
split	20
submit	40
supplemented	40
tardy	20
temporizing	20
territory	180
their	1120
treat	20
tremendous	20
uncared	20
usable	20
voted	40
waste	60
weight	60
wheeled	40
wheels	20
whenever	20
widened	720
winding	20
www.gutenberg.org/donate	40
1,006	20
1,097,378	20
1,248	20
1,484,299	20
105.3	20
117-122	40
1390	20
145-149	20
157-159	20
16th	40
217,254|▎	20
3,279	20
3.64	20
3260	20
38.81[22	20
4.5	40
4.98	20
43]Wt	20
460,119	20
5.88	20
539	20
6,650	20
616	20
70	300
81	320
92	40
ACCOMPANY	40
Allowing	20
Austrian	20
Bayard	20
Brighton	280
Brushton	40
Canal	20
Chartiers	280
Cherry	20
Commissioners	20
Complete	20
Connection._--From	20
Creating	20
Crossing._--Although	20
Curtin	20
END	20
EXCEPT	20
Eastward	60
Eighth	320
End	540
Every	20
Except	80
Extension._--Woodstock	20
Fortunately	80
Hall	120
High-level	40
Hillsides	100
Industrial	40
Laclaire	40
Large	20
Library	40
Lowry	20
MAIN	140
Main	560
Monumenting	20
Morningside	60
Neville	20
Notices	20
PASSENGERS	20
PRESENT	20
Pit	20
Precipitous	20
Present	120
Ravine	20
Recommended	20
Road._--Troy	20
Seventeenth	40
Squirrel	180
Sycamore	120
Thereby	20
Try	220
Updated	20
Vanilla	40
Vinial	20
WEIGHTS	20
accuracy	40
adequately	20
afield	20
allowing	60
alone	80
amounts	80
apparent	100
appreciates	20
bend	120
beneath	60
bridge-like	20
brook	20
builder	20
busy	140
canal	60
carry	320
claimed	20
complete	260
condition	240
consider	160
contours	20
creating	60
credit	20
crooked	40
dealer	20
deeper	40
detour	40
development	740
difficulties	140
divide	20
does	360
earnestly	20
eastward	340
embodied	20
embraced	20
end	1280
enormously	20
every	400
except	240
expanded	20
expect	80
extended	540
extravagant	40
feet.[6	20
fields	20
filing	20
find	40
first-class	60
flat	160
floated	20
forced	80
four-line	20
freely	120
fronting	40
functions	80
generations	60
granted	40
greatest	40
grown	40
habitually	20
high-level	100
hillsides	200
http://www.pgdp.net	40
impressive	60
inaccurate	40
indicate	120
individual	160
industrial	160
invited	40
isolated	80
landscape	160
large	1200
less	1000
let	20
library	40
limit	80
linked	20
main	1780
marginal	20
measuring	20
medieval	20
meeting	60
monumenting	20
moral	20
navigable	200
newsletter	20
obsolete	20
offered	200
orderly	20
outer	20
paralleling	20
passengers	240
permanently	40
phrase	80
placid	20
positive	40
precipitous	200
precise	100
present	1820
principally	20
production	20
protection	40
radiating	20
ravine	340
rebuild	20
recommendation	20
recommended	380
relate	20
relatively	80
s/he	20
scows	20
seriousness	20
shafts	20
shameful	20
solution	180
splits	20
storage	20
studying	40
submitted	60
substantially	200
superstructures	20
supplement	20
surveyed	20
tentatively	20
thereby	100
thereof	160
three-span	40
traveled	40
twelve	40
unchanged	40
uneconomical	60
unsolicited	20
vicinity	160
wanting--direct	20
wastes	20
waterways	60
wave	20
weighed	20
weights	40
widen	280
1,247,020	20
101-106	20
113-116	20
123-128	20
15½-foot	20
2,750,000	20
2.8	40
217,000	20
3,940	20
3.7	20
4.6	20
4394	20
54-foot	20
6.35	20
60	460
71	380
785,147	20
8,165	20
816,333|█	20
82	160
848	20
9,351	20
93	60
958	20
After	40
Allentown	20
Among	40
Bridge-builders	20
Bureau	360
CLEARANCE	40
CONTENTS	40
Clearance	40
Closer	20
Creek	280
Despite	20
Duquesne	320
EVEN	20
Edinburgh	20
Email	20
Estimated	20
Even	80
Extension._--Princeton	20
FOURTH	20
Facing	40
Fourth	120
Friendship	20
Grant	760
Hospital	20
INTRODUCTION	40
Introduction	80
Louis	20
Lyons--a	20
MAP	60
Map	60
Olmsted's	20
Oswego	40
RIGHT	20
Reserve	20
Revenue	20
Right	20
Several	60
Southwest	20
Street._--With	20
Street|Aug	20
Successful	20
Survey	140
Towboat	20
Traffic._--_Highway	20
Type	40
Upon	60
Viaduct._--To	20
WARRANTIES	40
When	140
able	180
affidavit	20
after	220
aid	20
among	120
anyone	100
archways	20
artificial	20
balance	40
behind	60
borne	120
capacity	360
cargo	60
cheaper	60
cheaply	40
claim	20
clearance	360
climatic	20
committed	20
comparable	40
compensation	40
concentrated	60
consideration	320
consists	80
contemplate	20
costly	280
coördinate	100
creek	40
currents	60
day	200
decided	120
declared	20
deplorable	40
developed	200
distinctive	40
doubt	140
drive.[16	20
effectually	20
eighteen-foot	20
element	140
email	20
estimated	120
even	640
evidences	20
extend	240
extensively	20
fallacy	20
fine	40
formats	40
fourth	40
gathered	40
handled	20
helpful	20
ideas	20
impede	20
impounding	20
inefficient	20
intercommunication	20
introduction	20
irreconcilable	20
largest	40
limitation	60
link	160
loading	60
low-lying	20
map	320
met	140
much-desired	20
mud	20
municipalities	20
numerous	80
offer	140
one-half	40
outdoor	40
park-less	20
paying	80
percentage	20
plus	20
principle	100
projects	20
promenades	40
proportion	220
prove	60
rapid	40
recommend	20
reflected	40
regular	80
remarkable	20
repeated	20
replanning--is	20
representing	60
revenue	20
right	100
safely	40
satisfactory	180
saving	60
seem	180
several	360
sewage	20
sharing	20
shipment	20
short	300
sides	220
sketches	20
somehow	20
sought	20
southwest	120
spaciousness	40
spelling	20
spur	20
steeper	140
steeply	40
straight	120
stratum	60
substitute	20
successful	80
survey	20
surveys--or	20
together	160
towards	20
towboat	20
travel	520
type	240
undertaking	100
undesirable	80
upon	1760
valid	20
volume	160
wagon	100
warning	20
warranties	20
when	800
writing	60
yard	120
▐	40
113-117	20
123,579	20
18th	20
1909--TABLE	20
2,135,000	20
2,228,270	20
218,000	40
2261	20
4.34	20
5,147	20
5.24	20
5.6	20
50	340
6,300	40
61	340
715,985|█	20
72	340
83	280
865,024	40
94	60
Above	20
Along	40
BEATTY	20
Banksville	40
Beatty	20
COMMITTEE	20
Centre	20
Clerical	20
Committee	280
Company	100
Compliance	20
Connection._--Arlington	20
Connection._--Improved	20
Constitution	20
Control	20
DISCLAIMER	20
District.[11	20
Edward	20
Edwin	20
Elevation	40
Engineer's	20
Expenses	20
Frankfort	20
Given	20
Glenwood	300
Hart	20
Likewise	20
NEEDS	20
Needs	40
PER	20
Parkway._--The	20
Passenger|Delivery|Single|Double|Pedestrians	20
Per	20
Playground	100
Retaining	20
Richardson	20
TO	240
TRAFFIC	80
Technical	60
Ten	20
Though	80
To	520
Traffic	260
Vessels	20
WELLER	20
Wilkins	120
above	1660
absence	40
actually	160
along	1260
ample	320
anywhere	40
applied	80
appreciation	60
architectural	40
attaching	20
authorized	100
average	380
axial	20
beginning	80
begun	140
bid	20
bounded	20
brought	60
busiest	20
carriers	100
caused	40
characteristic	100
charitable	20
cleanliness	20
clubs	20
commerce	120
committee	40
company	20
compliance	80
complicate	20
computer	40
consumers	20
continued	140
control	280
course	220
decreasing	20
define	20
denied	40
derived	40
develop	120
devices	20
difficulty	220
disclaimer	40
drains	20
elevation	380
ensuring	20
enters	60
entrances	80
everybody	20
expenses	60
extravagance	20
fall	60
favored	40
federal	40
fifteen	60
flooded	80
forth	200
frequently	100
frontispiece	40
given	520
healthy	40
horse	40
indirectly	40
inducements	20
inevitable	20
involve	120
keeping	100
lawful	20
liberal	20
middle-aged	20
narrow	460
needs	320
net	80
obtaining	60
openings	20
pains	80
paperwork	20
per	1800
periodic	20
permit	140
playground	180
pockets	40
political	20
practice	40
prevents	20
process,[10	20
promoting	40
pronounced	20
qualities	20
railway	120
range	20
recent	80
region--the	20
renders	40
research	40
restricted	20
retaining	180
room	500
scattered	80
seen	100
selected	20
self-respecting	20
sight	100
soon	300
source	40
spite	60
stable	40
state's	20
streets.[8	20
strips	40
suitability	20
swarms	20
technical	40
ten	100
thick	20
thirty-nine	20
though	220
three-quarter	20
to	29200
traffic	2560
transcripts	20
transferring	20
typewritten	20
up	1700
value.[32	20
velocities	60
ventilation	20
verification	20
vessels	360
viewing	20
virus	20
which	4260
wholly	160
withheld	20
1,500,000	20
105,000,000	60
138,114	40
19th	20
2,019	20
2.22	20
337.5	20
4,534	20
4.35	20
4.8	20
40	280
51	80
62	300
7.5	20
718	20
73	280
8.06	20
80,000	20
84	160
95	100
Assistant	80
Attention	20
Boulevard	1140
Crossing._--The	20
Flood	140
GRADES	20
Geodetic	20
HOPE	20
Hamilton	180
Herron	20
Immediately	20
Ingram	20
MARKET	20
Market	560
Minersville	20
Office	140
PURPOSE	40
Panther	120
Park._--Perhaps	20
Pool	40
Purpose	20
Select	20
Signed	20
So	40
Street--a	20
Terminal	40
Thirty-third	200
Turtle	180
Uniting	20
Until	20
WARRANTY	40
WHO	20
Wherever	20
Whitfield	20
acres	300
addition	140
analysis	60
appears	220
area.[24	20
arrears	20
assistant	60
attention	60
bank	540
barriers	20
basis	180
beauty	340
benches	100
blockades	20
boulevard	400
bound	140
built	560
buying	20
center-pier	20
centers	40
chronically	20
completion	60
comply	120
conforming	100
corners	20
covers	20
create	20
cut,--its	20
defacement	100
devised	20
difficult	240
distances	120
distinct	80
drawing	20
drive,[27	20
economy	120
edition	20
effectiveness	40
electronic	540
emphasis	40
establishments	40
exists	100
facilitate	20
fast	20
favor	40
file	120
flood	360
forming	40
framework	60
gardens	60
geodetic	20
grades	280
grouped	40
health	60
hope	40
immediately	100
imposes	20
included	140
industries	40
insist	20
inspectors	20
instances	40
knowledge	40
lead	140
leaves	40
life	100
locations	300
long	540
loose	60
manufacturing	160
market	680
measure	60
miles	200
modification	40
needlessly	20
northern	260
ocean	20
office	360
options	40
originator	20
overestimate	20
parkway--a	20
particulars	20
pool	200
possessing	20
precision	20
preservation	40
profession	20
propose	20
providing	260
purpose	320
quay	340
reading-room	20
reduced	240
relation	160
resulted	40
retention	40
rich	20
rule	140
select	60
served--that	20
sit	60
situation	140
skylights	20
so	2020
spend	20
stage	420
street--a	20
strikingly	20
systematic	20
teamed	20
terminal	40
them	880
three	440
through-routing	20
turned	60
unkempt	20
until	180
uphill	40
value.[44	20
waters	20
whereby	60
wherever	20
who	400
wholesale	140
women	60
world's	20
1,281,946	20
102,201,375	20
1053	20
109-112	20
2,344,398	20
2,796,122	20
2.23	40
26-Sept	20
30	280
30,073	20
326,752	20
360´	40
37]4,444[37]7,764	20
41	100
52	80
63	160
7,000,000	20
72_a	60
74	300
750175	20
85	180
9,475	20
96	40
BILLQUIST	60
Billquist	20
Buildings	60
Crafton	140
East	960
Electric	20
Extension	720
Extension._--West	20
Harriet	40
He	20
IF	20
IMPROVEMENTS	100
INCIDENTAL	20
If	700
Improvements	260
Internal	20
KREUSLER	20
Kelly	120
Lincoln	200
Munhall	40
Nice	40
PLANNING	40
Planning	160
Prepared	20
REPORTS	20
Registry	20
Reports	40
Road._--Just	20
Ross	160
SAMUEL	20
Square	120
Stockton	20
Stratford	20
Surrounded	20
Sylvan	60
Team	40
Then	20
YEAR	80
YOU	120
You	240
abolished	20
accomplishing	20
aggregate	40
argument	20
being	620
birth	20
bound-stones	20
break	20
buildings	1280
called	80
carriages	60
celebrated	20
chances	20
charges	40
competition	60
conceivably	20
concerned	160
confirmed	20
conservation	40
counterbalancing	20
crossed	20
deducting	20
definitely	40
delivering	20
dense	80
dependent	60
designed	160
did	40
difference	100
dignified	60
direction	160
disadvantage	20
discussed	180
disk	20
dumps	20
east	1340
edge	100
electric	100
eliminating	80
enforcing	20
evident	80
exact	40
expansion	40
expended	60
expenditure	60
extension	740
face	60
fast-moving	60
features	140
filling	280
first-rate	60
fitting	80
forest	20
formality	40
gaps	20
generously	40
good	700
gradually	260
group	60
he	280
hitherto	20
household	40
if	1500
improvements	780
incidental	120
intervening	20
is--for	20
junctions	20
justified	140
kinds	220
lack	200
lines	740
listed	20
lotting	20
managed	40
minutes	20
non-standard	20
northerly	60
officers	40
omission	20
overshadows	20
owner's	20
parapet	60
paving	100
planning	320
plates	20
plays	40
prepared	80
primarily	20
problem	600
proceedings	20
properly	100
proprietary	20
proximity	20
quality	80
quarter--for	20
rains	20
regions	160
relocated	20
reports	60
representative	20
result	300
running	480
sanitary	40
save	20
share	40
sheds	40
sheet	60
show	140
sidings	40
sign	20
solve	20
square	340
standard	160
stands	80
stimulates	20
strata	60
strung	20
stumbling	20
surrounded	40
surveyor	20
team	100
then	420
thereto	20
travel--or	20
turn	120
underground	40
unfair	20
unlikely	40
unpromising	20
used	420
velocity	20
wider	60
year	320
you	1100
1,506	20
20	180
3,119	20
3,500,000	20
31	180
334,613	20
4,800	20
4,877,495|██████▌	20
42	160
5,102,000	20
53	120
64	360
72_b	40
73_a	60
75	500
8,961	20
86	240
93-100	20
Bethel	20
Branching	20
Bridges._--In	20
CALL	20
COL	40
CRAFT	20
Carson	380
Col	20
Connection	960
Contact	20
Craft	20
Design	20
Ellsworth	160
Endemann	20
Engineer-in-charge	20
Hoboken	40
House	160
Italian	40
JANSSEN	20
Janssen	20
Manhattan	20
McKees	140
Month	20
Nevertheless	40
New	500
Oct	60
October	40
PITTSBURGH--WIDTH	20
Parts	20
Pittsburghers	60
Preface	20
President	20
Produce	20
REMEDIES	20
Road._--The	40
Street._--From	20
THIS	140
This	1700
Tunnel._--Perhaps	20
Wabash	20
abolish	20
added	140
administration	60
advancement	20
again	260
appointed	20
avoids	40
big	60
branching	60
calculated	20
call	20
city--should	20
climbs	20
collection	120
complexity	20
complication	40
concern	40
conducting	20
congested	60
connection	1560
contact	140
correction	20
correspondingly	20
courteously	40
craft	20
cross	240
dance-halls	20
decrease	20
design	400
distributing	220
downward	20
dropped	20
earlier	60
entirely	180
ever	60
expend	40
eyesore	20
fail	40
feed	20
figured	20
firm	40
food	60
formerly	20
friend	20
fulfill	20
goals	20
graphically	60
grows	40
happening	20
happy	20
house	100
hydrograph	20
impair	20
impracticable	140
inaccuracy	60
incomplete	40
industry	20
inferior	20
inordinately	20
interim	20
kept	140
laying	40
lessening	20
leveling	40
list	40
lowered	100
maximum	580
minimize	40
money	180
mountainous	20
nevertheless	20
new	2460
objected	20
obstruction	60
occupied	300
one-third	80
ordinances	20
originally	60
parts	340
performed	40
pitch	20
police	20
preceded	20
precipitate	20
preface	40
preferably	20
prevailingly	20
produce	140
profitable	20
provisions	100
purchasing	60
readily	100
real	240
reasonable	620
receiving	20
refer	20
regarded	80
removed	100
replanning--can	20
sort	160
spaced	20
staff	20
stroll	40
sufficient	220
suggesting	20
swamp	20
tempt	20
therefore	440
this	6200
thorough	20
thousand	60
ultimately	120
undergo	20
understand	20
unloaded	20
us	60
useless	20
whatsoever	40
